<?xml version="1.0" encoding="UTF-8"?>
<!-- Generated by org.testng.reporters.JUnitXMLReporter -->
<testsuite ignored="4" hostname="LAPTOP-PD226Q4S" failures="0" tests="2" name="Test" time="4.359" errors="0" timestamp="2022-06-02T11:14:34 IST">
  <testcase classname="org.sample.OmrBranchClass" name="login" time="3.167"/>
  <testcase classname="org.sample.OmrBranchClass" name="changeProfilePic" time="1.108"/>
  <testcase classname="org.sample.OmrBranchClass" name="createAddress" time="0.0">
    <ignored/>
  </testcase> <!-- createAddress -->
  <testcase classname="org.sample.OmrBranchClass" name="getAddress" time="0.0">
    <ignored/>
  </testcase> <!-- getAddress -->
  <testcase classname="org.sample.OmrBranchClass" name="deleteAddress" time="0.0">
    <ignored/>
  </testcase> <!-- deleteAddress -->
  <testcase classname="org.sample.OmrBranchClass" name="updateAddress" time="0.0">
    <ignored/>
  </testcase> <!-- updateAddress -->
</testsuite> <!-- Test -->
