<?xml version="1.0" encoding="UTF-8"?>
<!-- Generated by org.testng.reporters.JUnitXMLReporter -->
<testsuite ignored="4" hostname="LAPTOP-PD226Q4S" failures="0" tests="4" name="Test" time="0.087" errors="0" timestamp="2022-05-11T19:28:06 IST">
  <testcase classname="testNG.GroupingExample" name="moto1" time="0.01"/>
  <testcase classname="testNG.GroupingExample" name="moto2" time="0.002"/>
  <testcase classname="testNG.GroupingExample" name="vivo1" time="0.001"/>
  <testcase classname="testNG.GroupingExample" name="vivo2" time="0.004"/>
  <testcase classname="testNG.GroupingExample" name="apple2" time="0.0">
    <ignored/>
  </testcase> <!-- apple2 -->
  <testcase classname="testNG.GroupingExample" name="lenovo1" time="0.0">
    <ignored/>
  </testcase> <!-- lenovo1 -->
  <testcase classname="testNG.GroupingExample" name="apple1" time="0.0">
    <ignored/>
  </testcase> <!-- apple1 -->
  <testcase classname="testNG.GroupingExample" name="lenovo2" time="0.0">
    <ignored/>
  </testcase> <!-- lenovo2 -->
</testsuite> <!-- Test -->
