<?xml version="1.0" encoding="UTF-8"?>
<!-- Generated by org.testng.reporters.JUnitXMLReporter -->
<testsuite ignored="1" hostname="LAPTOP-PD226Q4S" failures="0" tests="20" name="Test cases" time="4.966" errors="0" timestamp="2022-05-10T23:24:40 IST">
  <testcase classname="testNG.SampleTestCase" name="firstTestCase" time="0.011"/>
  <testcase classname="testNG.SampleTestCase" name="fouthTestCase" time="0.011"/>
  <testcase classname="testNG.DependenciesManagement" name="highSchool" time="0.003"/>
  <testcase classname="testNG.DependenciesManagement" name="higherSecondary" time="0.003"/>
  <testcase classname="testNG.DependenciesManagement" name="engineering" time="0.003"/>
  <testcase classname="testNG.ParallelTesting" name="openBing" time="3.593"/>
  <testcase classname="testNG.ParameterizationExample" name="printName" time="0.002"/>
  <testcase classname="testNG.SampleTestCase" name="secondTestCase" time="0.004"/>
  <testcase classname="testNG.DriveACar" name="startTheCar" time="0.003"/>
  <testcase classname="testNG.SkipATestCase" name="startTheCar" time="0.001"/>
  <testcase classname="testNG.SampleTestCase" name="thirdTestCase" time="0.001"/>
  <testcase classname="testNG.DriveACar" name="putFirstGear" time="0.002"/>
  <testcase classname="testNG.SkipATestCase" name="putFirstGear" time="0.003"/>
  <testcase classname="testNG.DriveACar" name="putSecondGear" time="0.002"/>
  <testcase classname="testNG.SkipATestCase" name="putSecondGear" time="0.002"/>
  <testcase classname="testNG.DriveACar" name="putThirdGear" time="0.006"/>
  <testcase classname="testNG.SkipATestCase" name="putThirdGear" time="0.009"/>
  <testcase classname="testNG.DriveACar" name="putFourthGear" time="0.002"/>
  <testcase classname="testNG.SkipATestCase" name="putFourthGear" time="0.002"/>
  <testcase classname="testNG.ParallelTesting" name="openGoogle" time="4.859"/>
  <testcase classname="testNG.SkipATestCase" name="turnTheMusicOn" time="0.0">
    <ignored/>
  </testcase> <!-- turnTheMusicOn -->
</testsuite> <!-- Test cases -->
