<?xml version="1.0" encoding="UTF-8"?>
<!-- Generated by org.testng.reporters.JUnitXMLReporter -->
<testsuite ignored="0" hostname="LAPTOP-PD226Q4S" failures="0" tests="4" name="Test" time="23.037" errors="0" timestamp="2022-05-13T18:57:55 IST">
  <testcase classname="org.datadrivenframework.BothCorrect" name="Bothcorrect" time="7.616"/>
  <testcase classname="org.datadrivenframework.CorrectUserName" name="loginWithCorrectUserName" time="4.603"/>
  <testcase classname="org.datadrivenframework.CorrectPassword" name="loginWithCorrectPassword" time="5.803"/>
  <testcase classname="org.datadrivenframework.BothIncorrect" name="BothIncorrect" time="4.963"/>
</testsuite> <!-- Test -->
