<?xml version="1.0" encoding="UTF-8"?>
<!-- Generated by org.testng.reporters.JUnitXMLReporter -->
<testsuite ignored="0" hostname="LAPTOP-PD226Q4S" failures="0" tests="5" name="Test" time="22.597" errors="0" timestamp="2022-06-02T13:11:14 IST">
  <testcase classname="org.testng.ParameterizationExample" name="login" time="4.593"/>
  <testcase classname="org.testng.ParameterizationExample" name="searchHotels" time="1.433"/>
  <testcase classname="org.testng.ParameterizationExample" name="selectHotel" time="0.923"/>
  <testcase classname="org.testng.ParameterizationExample" name="bookHotel" time="0.972"/>
  <testcase classname="org.testng.ParameterizationExample" name="bookingConfirmation" time="6.113"/>
</testsuite> <!-- Test -->
